2024-01-12 18:57:34,942 [      0]   INFO -        #com.intellij.idea.Main - ------------------------------------------------------ IDE STARTED ------------------------------------------------------ 
2024-01-12 18:57:34,967 [     25]   INFO - .intellij.util.EnvironmentUtil - loading shell env: /bin/zsh -l -i -c '/usr/local/software/gradle-6.1/caches/modules-2/files-2.1/com.jetbrains.intellij.idea/ideaIC/2020.1.1/640aff4c23a001e5595ee654670d774e9efcd118/ideaIC-2020.1.1/bin/printenv.py' '/private/var/folders/7l/x2r1_5sj68b1zby74s8277wc0000gn/T/intellij-shell-env.tmp' 
2024-01-12 18:57:34,979 [     37]   INFO - ntellij.idea.ApplicationLoader - CPU cores: 8; ForkJoinPool.commonPool: java.util.concurrent.ForkJoinPool@3280b7b[Running, parallelism = 8, size = 0, active = 0, running = 0, steals = 0, tasks = 0, submissions = 0]; factory: com.intellij.concurrency.IdeaForkJoinWorkerThreadFactory@385f7e0c 
2024-01-12 18:57:35,039 [     97]   INFO -        #com.intellij.idea.Main - JNA library (64-bit) loaded in 74 ms 
2024-01-12 18:57:35,115 [    173]   INFO -        #com.intellij.idea.Main - IDE: IntelliJ IDEA (build #IC-201.7223.91, 30 Apr 2020 12:24) 
2024-01-12 18:57:35,115 [    173]   INFO -        #com.intellij.idea.Main - OS: Mac OS X (10.16, x86_64) 
2024-01-12 18:57:35,115 [    173]   INFO -        #com.intellij.idea.Main - JRE: 11.0.6+8-b765.40 (JetBrains s.r.o) 
2024-01-12 18:57:35,115 [    173]   INFO -        #com.intellij.idea.Main - JVM: 11.0.6+8-b765.40 (OpenJDK 64-Bit Server VM) 
2024-01-12 18:57:35,116 [    174]   INFO -        #com.intellij.idea.Main - JVM Args: -Dapple.awt.fileDialogForDirectories=true -Dapple.laf.useScreenMenuBar=true -Didea.classpath.index.enabled=false -Didea.config.path=/Users/apple/Project/ConvertX/build/idea-sandbox/config -Didea.is.internal=true -Didea.platform.prefix=Idea -Didea.plugins.path=/Users/apple/Project/ConvertX/build/idea-sandbox/plugins -Didea.required.plugins.id=top.codeease -Didea.smooth.progress=false -Didea.system.path=/Users/apple/Project/ConvertX/build/idea-sandbox/system -Xms256m -Xmx512m -Dfile.encoding=UTF-8 -Duser.country=CN -Duser.language=zh -Duser.variant -ea 
2024-01-12 18:57:35,116 [    174]   INFO -        #com.intellij.idea.Main - Locale=zh_CN_#Hans JNU=UTF-8 file.encoding=UTF-8 
2024-01-12 18:57:35,546 [    604]   INFO - llij.ide.plugins.PluginManager - Plugin org.intellij.groovy misses optional descriptor duplicates-groovy.xml 
2024-01-12 18:57:35,547 [    605]   INFO - llij.ide.plugins.PluginManager - Plugin org.intellij.groovy misses optional descriptor duplicates-detection-groovy.xml 
2024-01-12 18:57:35,595 [    653]   INFO - llij.ide.plugins.PluginManager - Plugin com.intellij.java misses optional descriptor profiler-java.xml 
2024-01-12 18:57:35,642 [    700]   INFO - llij.ide.plugins.PluginManager - Loaded bundled plugins: IDEA CORE (201.7223.91), com.intellij.platform.images (201.7223.91), JetBrains Repository Search (201.7223.91), Subversion (201.7223.91), XPathView + XSLT (201.7223.91), XSLT Debugger (201.7223.91), Smali Support (201.7223.91), Configuration Script (201.7223.91), Copyright (201.7223.91), Java (201.7223.91), Bytecode Viewer (201.7223.91), Git (201.7223.91), ChangeReminder (201.7223.91), Next File Prediction (201.7223.91), JUnit (201.7223.91), Task Management (201.7223.91), GitHub (201.7223.91), IntelliLang (201.7223.91), TestNG (201.7223.91), Code Coverage for Java (201.7223.91), Markdown (201.7223.91), Java IDE Customization (201.7223.91), Java Stream Debugger (201.7223.91), Eclipse Interoperability (201.7223.91), Java Bytecode Decompiler (201.7223.91), Gradle (201.7223.91), macOS Light Theme (201.7223.91), Windows 10 Light Theme (201.7223.91), Properties (201.7223.91), Ant (201.7223.91), Groovy (201.7223.91), Maven (201.7223.91), Gradle-Java (201.7223.91), Gradle-Maven (201.7223.91), Java Internationalization (201.7223.91), Kotlin (1.3.72-release-IJ2020.1-1), UI Designer (201.7223.91), Plugin DevKit (201.7223.91), JavaFX (201.7223.91), Resource Bundle Editor (201.7223.91), Machine Learning Code Completion (201.7223.91), Mercurial (201.7223.91), EditorConfig (201.7223.91), Terminal (201.7223.91), Android (201.7223.91), Shell Script (201.7223.91), TextMate bundles (201.7223.91), YAML (201.7223.91), Grazie (201.7223.91), Settings Repository (201.7223.91) 
2024-01-12 18:57:35,642 [    700]   INFO - llij.ide.plugins.PluginManager - Loaded custom plugins: ConverterX (1.0.2) 
2024-01-12 18:57:36,284 [   1342]   INFO - ellij.util.io.PagedFileStorage - lower=100; upper=492; buffer=10; max=492 
2024-01-12 18:57:36,322 [   1380]   WARN - j.internal.DebugAttachDetector - Unable to start DebugAttachDetector, please add `--add-exports java.base/jdk.internal.vm=ALL-UNNAMED` to VM options 
2024-01-12 18:57:36,347 [   1405]   INFO - fs.newvfs.persistent.FSRecords - Marking VFS as corrupted: '/Users/apple/Project/ConvertX/build/idea-sandbox/system/caches/names.dat' does not exist 
2024-01-12 18:57:36,358 [   1416]   INFO - tellij.util.io.FileChannelUtil - un-interruptible FileChannel-s will be used for indexes 
2024-01-12 18:57:36,364 [   1422]   INFO - rains.ide.BuiltInServerManager - built-in server started, port 63344 
2024-01-12 18:57:36,592 [   1650]   INFO - pl.local.NativeFileWatcherImpl - Native file watcher is disabled 
2024-01-12 18:57:36,739 [   1797]   INFO - til.net.ssl.CertificateManager - Default SSL context initialized 
2024-01-12 18:57:36,764 [   1822]   INFO - stubs.SerializationManagerImpl - Name storage is repaired 
2024-01-12 18:57:36,787 [   1845]   INFO - il.indexing.FileBasedIndexImpl - index version changed for 'FilenameIndex'; old = -1, new = 3 
2024-01-12 18:57:36,838 [   1896]   INFO - il.indexing.FileBasedIndexImpl - index version changed for 'FrameworkDetectionIndex'; old = -1, new = 0 
2024-01-12 18:57:36,849 [   1907]   INFO - il.indexing.FileBasedIndexImpl - index version changed for 'TodoIndex'; old = -1, new = 4107 
2024-01-12 18:57:36,869 [   1927]   INFO - il.indexing.FileBasedIndexImpl - index version changed for 'IdIndex'; old = -1, new = 4112 
2024-01-12 18:57:36,880 [   1938]   INFO - il.indexing.FileBasedIndexImpl - index version changed for 'filetypes'; old = -1, new = 2 
2024-01-12 18:57:36,886 [   1944]   INFO - il.indexing.FileBasedIndexImpl - index version changed for 'Stubs'; old = -1, new = 46 
2024-01-12 18:57:37,204 [   2262]   INFO - il.indexing.FileBasedIndexImpl - index version changed for 'Trigram.Index'; old = -1, new = 4099 
2024-01-12 18:57:37,212 [   2270]   INFO - il.indexing.FileBasedIndexImpl - index version changed for 'fileIncludes'; old = -1, new = 6 
2024-01-12 18:57:37,304 [   2362]   INFO - il.indexing.FileBasedIndexImpl - index version changed for 'DomFileIndex'; old = -1, new = -1189920956 
2024-01-12 18:57:37,309 [   2367]   INFO - il.indexing.FileBasedIndexImpl - index version changed for 'RelaxSymbolIndex'; old = -1, new = 0 
2024-01-12 18:57:37,316 [   2374]   INFO - il.indexing.FileBasedIndexImpl - index version changed for 'XmlTagNames'; old = -1, new = 1 
2024-01-12 18:57:37,325 [   2383]   INFO - il.indexing.FileBasedIndexImpl - index version changed for 'XmlNamespaces'; old = -1, new = 7 
2024-01-12 18:57:37,331 [   2389]   INFO - il.indexing.FileBasedIndexImpl - index version changed for 'html5.custom.attributes.index'; old = -1, new = 1 
2024-01-12 18:57:37,336 [   2394]   INFO - il.indexing.FileBasedIndexImpl - index version changed for 'SchemaTypeInheritance'; old = -1, new = 2 
2024-01-12 18:57:37,341 [   2399]   INFO - il.indexing.FileBasedIndexImpl - index version changed for 'json.file.root.values'; old = -1, new = 5 
2024-01-12 18:57:37,344 [   2402]   INFO - il.indexing.FileBasedIndexImpl - index version changed for 'ImageFileInfoIndex'; old = -1, new = 8 
2024-01-12 18:57:37,349 [   2407]   INFO - il.indexing.FileBasedIndexImpl - index version changed for 'XsltSymbolIndex'; old = -1, new = 0 
2024-01-12 18:57:37,353 [   2411]   INFO - il.indexing.FileBasedIndexImpl - index version changed for 'bytecodeAnalysis'; old = -1, new = 4107 
2024-01-12 18:57:37,361 [   2419]   INFO - il.indexing.FileBasedIndexImpl - index version changed for 'java.auto.module.name'; old = -1, new = 5 
2024-01-12 18:57:37,364 [   2422]   INFO - il.indexing.FileBasedIndexImpl - index version changed for 'java.source.module.name'; old = -1, new = 2 
2024-01-12 18:57:37,369 [   2427]   INFO - il.indexing.FileBasedIndexImpl - index version changed for 'java.null.method.argument'; old = -1, new = 4097 
2024-01-12 18:57:37,378 [   2436]   INFO - il.indexing.FileBasedIndexImpl - index version changed for 'java.simple.property'; old = -1, new = 3 
2024-01-12 18:57:37,383 [   2441]   INFO - il.indexing.FileBasedIndexImpl - index version changed for 'java.fun.expression'; old = -1, new = 4100 
2024-01-12 18:57:37,389 [   2447]   INFO - il.indexing.FileBasedIndexImpl - index version changed for 'java.binary.plus.expression'; old = -1, new = 4099 
2024-01-12 18:57:37,399 [   2457]   INFO - il.indexing.FileBasedIndexImpl - index version changed for 'RefQueueIndex'; old = -1, new = 0 
2024-01-12 18:57:37,399 [   2457]   INFO -                         STDOUT - Starting searchable options index builder 
2024-01-12 18:57:37,410 [   2468]   INFO - il.indexing.FileBasedIndexImpl - index version changed for 'xmlProperties'; old = -1, new = 2 
2024-01-12 18:57:37,417 [   2475]   INFO - il.indexing.FileBasedIndexImpl - index version changed for 'ant-imports'; old = -1, new = 5 
2024-01-12 18:57:37,422 [   2480]   INFO - il.indexing.FileBasedIndexImpl - index version changed for 'groovy.trait.fields'; old = -1, new = 5 
2024-01-12 18:57:37,427 [   2485]   INFO - il.indexing.FileBasedIndexImpl - index version changed for 'groovy.trait.methods'; old = -1, new = 25 
2024-01-12 18:57:37,434 [   2492]   INFO - il.indexing.FileBasedIndexImpl - index version changed for 'org.jetbrains.kotlin.idea.versions.KotlinJvmMetadataVersionIndex'; old = -1, new = 5 
2024-01-12 18:57:37,439 [   2497]   INFO - il.indexing.FileBasedIndexImpl - index version changed for 'org.jetbrains.kotlin.idea.versions.KotlinJsMetadataVersionIndex'; old = -1, new = 3 
2024-01-12 18:57:37,443 [   2501]   INFO - il.indexing.FileBasedIndexImpl - index version changed for 'org.jetbrains.kotlin.idea.vfilefinder.KotlinClassFileIndex'; old = -1, new = 3 
2024-01-12 18:57:37,447 [   2505]   INFO - il.indexing.FileBasedIndexImpl - index version changed for 'org.jetbrains.kotlin.idea.vfilefinder.KotlinJavaScriptMetaFileIndex'; old = -1, new = 4 
2024-01-12 18:57:37,450 [   2508]   INFO - il.indexing.FileBasedIndexImpl - index version changed for 'org.jetbrains.kotlin.idea.vfilefinder.KotlinMetadataFileIndex'; old = -1, new = 1 
2024-01-12 18:57:37,455 [   2513]   INFO - il.indexing.FileBasedIndexImpl - index version changed for 'org.jetbrains.kotlin.idea.vfilefinder.KotlinMetadataFilePackageIndex'; old = -1, new = 1 
2024-01-12 18:57:37,458 [   2516]   INFO - il.indexing.FileBasedIndexImpl - index version changed for 'org.jetbrains.kotlin.idea.vfilefinder.KotlinModuleMappingIndex'; old = -1, new = 5 
2024-01-12 18:57:37,462 [   2520]   INFO - il.indexing.FileBasedIndexImpl - index version changed for 'org.jetbrains.kotlin.idea.vfilefinder.KotlinPackageSourcesMemberNamesIndex'; old = -1, new = 2 
2024-01-12 18:57:37,468 [   2526]   INFO - il.indexing.FileBasedIndexImpl - index version changed for 'org.jetbrains.kotlin.idea.vfilefinder.KotlinJvmModuleAnnotationsIndex'; old = -1, new = 1 
2024-01-12 18:57:37,472 [   2530]   INFO - il.indexing.FileBasedIndexImpl - index version changed for 'org.jetbrains.kotlin.ide.konan.index.KotlinNativeMetaFileIndex'; old = -1, new = 4 
2024-01-12 18:57:37,477 [   2535]   INFO - il.indexing.FileBasedIndexImpl - index version changed for 'com.intellij.uiDesigner.FormClassIndex'; old = -1, new = 0 
2024-01-12 18:57:37,483 [   2541]   INFO - il.indexing.FileBasedIndexImpl - index version changed for 'IdeaPluginRegistrationIndex'; old = -1, new = 3 
2024-01-12 18:57:37,492 [   2550]   INFO - il.indexing.FileBasedIndexImpl - index version changed for 'PluginIdModuleIndex'; old = -1, new = 1 
2024-01-12 18:57:37,495 [   2553]   INFO - il.indexing.FileBasedIndexImpl - index version changed for 'PluginIdDependenciesIndex'; old = -1, new = 1 
2024-01-12 18:57:37,503 [   2561]   INFO - il.indexing.FileBasedIndexImpl - index version changed for 'devkit.ExtensionPointIndex'; old = -1, new = 0 
2024-01-12 18:57:37,540 [   2598]   INFO - il.indexing.FileBasedIndexImpl - index version changed for 'JavaFxControllerClassIndex'; old = -1, new = 1 
2024-01-12 18:57:37,543 [   2601]   INFO - il.indexing.FileBasedIndexImpl - index version changed for 'javafx.id.name'; old = -1, new = 2 
2024-01-12 18:57:37,545 [   2603]   INFO - il.indexing.FileBasedIndexImpl - index version changed for 'javafx.custom.component'; old = -1, new = 1 
2024-01-12 18:57:37,563 [   2621]   INFO - il.indexing.FileBasedIndexImpl - index version changed for 'editorconfig.index.name'; old = -1, new = 5 
2024-01-12 18:57:37,568 [   2626]   INFO - il.indexing.FileBasedIndexImpl - index version changed for 'BindingXmlIndex'; old = -1, new = 7 
2024-01-12 18:57:37,574 [   2632]   INFO - il.indexing.FileBasedIndexImpl - index version changed for 'yaml.keys.name'; old = -1, new = 1 
2024-01-12 18:57:37,583 [   2641]   INFO - il.indexing.FileBasedIndexImpl - Indices to be rebuilt after corruption:FilenameIndex,FrameworkDetectionIndex,TodoIndex,IdIndex,filetypes,Stubs,Trigram.Index,fileIncludes,DomFileIndex,RelaxSymbolIndex,XmlTagNames,XmlNamespaces,html5.custom.attributes.index,SchemaTypeInheritance,json.file.root.values,ImageFileInfoIndex,XsltSymbolIndex,bytecodeAnalysis,java.auto.module.name,java.source.module.name,java.null.method.argument,java.simple.property,java.fun.expression,java.binary.plus.expression,RefQueueIndex,xmlProperties,ant-imports,groovy.trait.fields,groovy.trait.methods,org.jetbrains.kotlin.idea.versions.KotlinJvmMetadataVersionIndex,org.jetbrains.kotlin.idea.versions.KotlinJsMetadataVersionIndex,org.jetbrains.kotlin.idea.vfilefinder.KotlinClassFileIndex,org.jetbrains.kotlin.idea.vfilefinder.KotlinJavaScriptMetaFileIndex,org.jetbrains.kotlin.idea.vfilefinder.KotlinMetadataFileIndex,org.jetbrains.kotlin.idea.vfilefinder.KotlinMetadataFilePackageIndex,org.jetbrains.kotlin.idea.vfilefinder.KotlinModuleMappingIndex,org.jetbrains.kotlin.idea.vfilefinder.KotlinPackageSourcesMemberNamesIndex,org.jetbrains.kotlin.idea.vfilefinder.KotlinJvmModuleAnnotationsIndex,org.jetbrains.kotlin.ide.konan.index.KotlinNativeMetaFileIndex,com.intellij.uiDesigner.FormClassIndex,IdeaPluginRegistrationIndex,PluginIdModuleIndex,PluginIdDependenciesIndex,devkit.ExtensionPointIndex,JavaFxControllerClassIndex,javafx.id.name,javafx.custom.component,editorconfig.index.name,BindingXmlIndex,yaml.keys.name 
2024-01-12 18:57:37,590 [   2648]   INFO - leBasedIndexDataInitialization - Initialization done: 1142 
2024-01-12 18:57:37,677 [   2735]   INFO - il.indexing.FileBasedIndexImpl - index version changed for 'dom.namespaceKey'; old = -1, new = 1 
2024-01-12 18:57:37,681 [   2739]   INFO - il.indexing.FileBasedIndexImpl - index version changed for 'dom.elementClass'; old = -1, new = 0 
2024-01-12 18:57:37,683 [   2741]   INFO - il.indexing.FileBasedIndexImpl - index version changed for 'java.module.name'; old = -1, new = 4 
2024-01-12 18:57:37,685 [   2743]   INFO - il.indexing.FileBasedIndexImpl - index version changed for 'java.method.parameter.types'; old = -1, new = 3 
2024-01-12 18:57:37,698 [   2756]   INFO - il.indexing.FileBasedIndexImpl - index version changed for 'java.class.extlist'; old = -1, new = 3 
2024-01-12 18:57:37,701 [   2759]   INFO - il.indexing.FileBasedIndexImpl - index version changed for 'java.class.shortname'; old = -1, new = 4 
2024-01-12 18:57:37,703 [   2761]   INFO - il.indexing.FileBasedIndexImpl - index version changed for 'jvm.static.member.type'; old = -1, new = 2 
2024-01-12 18:57:37,706 [   2764]   INFO - il.indexing.FileBasedIndexImpl - index version changed for 'jvm.static.member.name'; old = -1, new = 2 
2024-01-12 18:57:37,709 [   2767]   INFO - il.indexing.FileBasedIndexImpl - index version changed for 'java.method.name'; old = -1, new = 2 
2024-01-12 18:57:37,711 [   2769]   INFO - il.indexing.FileBasedIndexImpl - index version changed for 'java.class.fqn'; old = -1, new = 1 
2024-01-12 18:57:37,716 [   2774]   INFO - il.indexing.FileBasedIndexImpl - index version changed for 'java.field.name'; old = -1, new = 2 
2024-01-12 18:57:37,720 [   2778]   INFO - il.indexing.FileBasedIndexImpl - index version changed for 'java.anonymous.baseref'; old = -1, new = 2 
2024-01-12 18:57:37,723 [   2781]   INFO - il.indexing.FileBasedIndexImpl - index version changed for 'java.annotations'; old = -1, new = 2 
2024-01-12 18:57:37,726 [   2784]   INFO - il.indexing.FileBasedIndexImpl - index version changed for 'markdown.header'; old = -1, new = 2 
2024-01-12 18:57:37,728 [   2786]   INFO - il.indexing.FileBasedIndexImpl - index version changed for 'properties.index'; old = -1, new = 2 
2024-01-12 18:57:37,731 [   2789]   INFO - il.indexing.FileBasedIndexImpl - index version changed for 'gr.class.fqn'; old = -1, new = 1 
2024-01-12 18:57:37,735 [   2793]   INFO - il.indexing.FileBasedIndexImpl - index version changed for 'gr.script.fqn'; old = -1, new = 2 
2024-01-12 18:57:37,738 [   2796]   INFO - il.indexing.FileBasedIndexImpl - index version changed for 'gr.field.name'; old = -1, new = 2 
2024-01-12 18:57:37,741 [   2799]   INFO - il.indexing.FileBasedIndexImpl - index version changed for 'gr.method.name'; old = -1, new = 2 
2024-01-12 18:57:37,743 [   2801]   INFO - il.indexing.FileBasedIndexImpl - index version changed for 'gr.annot.method.name'; old = -1, new = 2 
2024-01-12 18:57:37,746 [   2804]   INFO - il.indexing.FileBasedIndexImpl - index version changed for 'gr.annot.members'; old = -1, new = 2 
2024-01-12 18:57:37,752 [   2810]   INFO - il.indexing.FileBasedIndexImpl - index version changed for 'gr.script.class'; old = -1, new = 2 
2024-01-12 18:57:37,758 [   2816]   INFO - il.indexing.FileBasedIndexImpl - index version changed for 'gr.class.super'; old = -1, new = 2 
2024-01-12 18:57:37,762 [   2820]   INFO - il.indexing.FileBasedIndexImpl - index version changed for 'gr.anonymous.class'; old = -1, new = 3 
2024-01-12 18:57:37,764 [   2822]   INFO - il.indexing.FileBasedIndexImpl - index version changed for 'org.jetbrains.kotlin.idea.stubindex.KotlinExactPackagesIndex'; old = -1, new = 2 
2024-01-12 18:57:37,768 [   2826]   INFO - il.indexing.FileBasedIndexImpl - index version changed for 'org.jetbrains.kotlin.idea.stubindex.KotlinTopLevelClassByPackageIndex'; old = -1, new = 2 
2024-01-12 18:57:37,772 [   2830]   INFO - il.indexing.FileBasedIndexImpl - index version changed for 'org.jetbrains.kotlin.idea.stubindex.KotlinTopLevelFunctionByPackageIndex'; old = -1, new = 2 
2024-01-12 18:57:37,775 [   2833]   INFO - il.indexing.FileBasedIndexImpl - index version changed for 'org.jetbrains.kotlin.idea.stubindex.KotlinTopLevelPropertyByPackageIndex'; old = -1, new = 2 
2024-01-12 18:57:37,779 [   2837]   INFO - il.indexing.FileBasedIndexImpl - index version changed for 'org.jetbrains.kotlin.idea.stubindex.KotlinTopLevelTypeAliasByPackageIndex'; old = -1, new = 2 
2024-01-12 18:57:37,783 [   2841]   INFO - il.indexing.FileBasedIndexImpl - index version changed for 'org.jetbrains.kotlin.idea.stubindex.KotlinClassShortNameIndex'; old = -1, new = 2 
2024-01-12 18:57:37,786 [   2844]   INFO - il.indexing.FileBasedIndexImpl - index version changed for 'org.jetbrains.kotlin.idea.stubindex.KotlinFullClassNameIndex'; old = -1, new = 2 
2024-01-12 18:57:37,788 [   2846]   INFO - il.indexing.FileBasedIndexImpl - index version changed for 'org.jetbrains.kotlin.idea.stubindex.KotlinPropertyShortNameIndex'; old = -1, new = 2 
2024-01-12 18:57:37,791 [   2849]   INFO - il.indexing.FileBasedIndexImpl - index version changed for 'org.jetbrains.kotlin.idea.stubindex.KotlinFunctionShortNameIndex'; old = -1, new = 2 
2024-01-12 18:57:37,794 [   2852]   INFO - il.indexing.FileBasedIndexImpl - index version changed for 'org.jetbrains.kotlin.idea.stubindex.KotlinTypeAliasShortNameIndex'; old = -1, new = 2 
2024-01-12 18:57:37,798 [   2856]   INFO - il.indexing.FileBasedIndexImpl - index version changed for 'org.jetbrains.kotlin.idea.stubindex.KotlinSuperClassIndex'; old = -1, new = 2 
2024-01-12 18:57:37,803 [   2861]   INFO - il.indexing.FileBasedIndexImpl - index version changed for 'org.jetbrains.kotlin.idea.stubindex.KotlinTopLevelFunctionFqnNameIndex'; old = -1, new = 2 
2024-01-12 18:57:37,808 [   2866]   INFO - il.indexing.FileBasedIndexImpl - index version changed for 'org.jetbrains.kotlin.idea.stubindex.KotlinTopLevelPropertyFqnNameIndex'; old = -1, new = 2 
2024-01-12 18:57:37,817 [   2875]   INFO - il.indexing.FileBasedIndexImpl - index version changed for 'org.jetbrains.kotlin.idea.stubindex.KotlinTopLevelTypeAliasFqNameIndex'; old = -1, new = 2 
2024-01-12 18:57:37,821 [   2879]   INFO - il.indexing.FileBasedIndexImpl - index version changed for 'org.jetbrains.kotlin.idea.stubindex.KotlinTopLevelExtensionsByReceiverTypeIndex'; old = -1, new = 2 
2024-01-12 18:57:37,825 [   2883]   INFO - il.indexing.FileBasedIndexImpl - index version changed for 'org.jetbrains.kotlin.idea.stubindex.KotlinAnnotationsIndex'; old = -1, new = 3 
2024-01-12 18:57:37,827 [   2885]   INFO - il.indexing.FileBasedIndexImpl - index version changed for 'org.jetbrains.kotlin.idea.stubindex.KotlinProbablyNothingFunctionShortNameIndex'; old = -1, new = 2 
2024-01-12 18:57:37,830 [   2888]   INFO - il.indexing.FileBasedIndexImpl - index version changed for 'org.jetbrains.kotlin.idea.stubindex.KotlinProbablyNothingPropertyShortNameIndex'; old = -1, new = 2 
2024-01-12 18:57:37,832 [   2890]   INFO - il.indexing.FileBasedIndexImpl - index version changed for 'org.jetbrains.kotlin.idea.stubindex.KotlinProbablyContractedFunctionShortNameIndex'; old = -1, new = 2 
2024-01-12 18:57:37,835 [   2893]   INFO - il.indexing.FileBasedIndexImpl - index version changed for 'org.jetbrains.kotlin.idea.stubindex.KotlinFileFacadeFqNameIndex'; old = -1, new = 2 
2024-01-12 18:57:37,837 [   2895]   INFO - il.indexing.FileBasedIndexImpl - index version changed for 'org.jetbrains.kotlin.idea.stubindex.KotlinFilePartClassIndex'; old = -1, new = 2 
2024-01-12 18:57:37,840 [   2898]   INFO - il.indexing.FileBasedIndexImpl - index version changed for 'org.jetbrains.kotlin.idea.stubindex.KotlinFileFacadeClassByPackageIndex'; old = -1, new = 2 
2024-01-12 18:57:37,842 [   2900]   INFO - il.indexing.FileBasedIndexImpl - index version changed for 'org.jetbrains.kotlin.idea.stubindex.KotlinFileFacadeShortNameIndex'; old = -1, new = 2 
2024-01-12 18:57:37,845 [   2903]   INFO - il.indexing.FileBasedIndexImpl - index version changed for 'org.jetbrains.kotlin.idea.stubindex.KotlinMultifileClassPartIndex'; old = -1, new = 2 
2024-01-12 18:57:37,848 [   2906]   INFO - il.indexing.FileBasedIndexImpl - index version changed for 'org.jetbrains.kotlin.idea.stubindex.KotlinScriptFqnIndex'; old = -1, new = 2 
2024-01-12 18:57:37,852 [   2910]   INFO - il.indexing.FileBasedIndexImpl - index version changed for 'org.jetbrains.kotlin.idea.stubindex.KotlinTypeAliasByExpansionShortNameIndex'; old = -1, new = 2 
2024-01-12 18:57:37,855 [   2913]   INFO - il.indexing.FileBasedIndexImpl - index version changed for 'org.jetbrains.kotlin.idea.stubindex.KotlinOverridableInternalMembersShortNameIndex'; old = -1, new = 2 
2024-01-12 18:57:37,858 [   2916]   INFO - tellij.psi.stubs.StubIndexImpl - Following stub indices will be built:dom.namespaceKey,dom.elementClass,java.annotations,java.class.extlist,java.field.name,java.method.name,jvm.static.member.name,jvm.static.member.type,java.anonymous.baseref,java.method.parameter.types,java.class.shortname,java.class.fqn,java.module.name,markdown.header,properties.index,gr.class.fqn,gr.script.fqn,gr.field.name,gr.method.name,gr.annot.method.name,gr.annot.members,gr.script.class,gr.class.super,gr.anonymous.class,org.jetbrains.kotlin.idea.stubindex.KotlinExactPackagesIndex,org.jetbrains.kotlin.idea.stubindex.KotlinTopLevelClassByPackageIndex,org.jetbrains.kotlin.idea.stubindex.KotlinTopLevelFunctionByPackageIndex,org.jetbrains.kotlin.idea.stubindex.KotlinTopLevelPropertyByPackageIndex,org.jetbrains.kotlin.idea.stubindex.KotlinTopLevelTypeAliasByPackageIndex,org.jetbrains.kotlin.idea.stubindex.KotlinClassShortNameIndex,org.jetbrains.kotlin.idea.stubindex.KotlinFullClassNameIndex,org.jetbrains.kotlin.idea.stubindex.KotlinPropertyShortNameIndex,org.jetbrains.kotlin.idea.stubindex.KotlinFunctionShortNameIndex,org.jetbrains.kotlin.idea.stubindex.KotlinTypeAliasShortNameIndex,org.jetbrains.kotlin.idea.stubindex.KotlinSuperClassIndex,org.jetbrains.kotlin.idea.stubindex.KotlinTopLevelFunctionFqnNameIndex,org.jetbrains.kotlin.idea.stubindex.KotlinTopLevelPropertyFqnNameIndex,org.jetbrains.kotlin.idea.stubindex.KotlinTopLevelTypeAliasFqNameIndex,org.jetbrains.kotlin.idea.stubindex.KotlinTopLevelExtensionsByReceiverTypeIndex,org.jetbrains.kotlin.idea.stubindex.KotlinAnnotationsIndex,org.jetbrains.kotlin.idea.stubindex.KotlinProbablyNothingFunctionShortNameIndex,org.jetbrains.kotlin.idea.stubindex.KotlinProbablyNothingPropertyShortNameIndex,org.jetbrains.kotlin.idea.stubindex.KotlinProbablyContractedFunctionShortNameIndex,org.jetbrains.kotlin.idea.stubindex.KotlinFileFacadeFqNameIndex,org.jetbrains.kotlin.idea.stubindex.KotlinFilePartClassIndex,org.jetbrains.kotlin.idea.stubindex.KotlinFileFacadeClassByPackageIndex,org.jetbrains.kotlin.idea.stubindex.KotlinFileFacadeShortNameIndex,org.jetbrains.kotlin.idea.stubindex.KotlinMultifileClassPartIndex,org.jetbrains.kotlin.idea.stubindex.KotlinScriptFqnIndex,org.jetbrains.kotlin.idea.stubindex.KotlinTypeAliasByExpansionShortNameIndex,org.jetbrains.kotlin.idea.stubindex.KotlinOverridableInternalMembersShortNameIndex 
2024-01-12 18:57:37,858 [   2916]   INFO - exImpl$StubIndexInitialization - Initialization done: 267 
2024-01-12 18:57:38,135 [   3193]   INFO - penapi.application.Experiments - Experimental features enabled for user: wsl.p9.support, wsl.p9.show.roots.in.file.chooser, inline.browse.button, linux.native.menu, recent.and.edited.files.together, show.create.new.element.in.popup, copy.reference.popup, new.large.text.file.viewer, property.value.inplace.editing 
2024-01-12 18:57:38,413 [   3471]   WARN - ConfigurableExtensionPointUtil - ignore deprecated groupId: language for id: preferences.language.Kotlin.scripting 
2024-01-12 18:57:39,044 [   4102]   INFO -                         STDERR - Warning: the fonts "Times" and "Times" are not available for the Java logical font "Serif", which may have unexpected appearance or behavior. Re-enable the "Times" font to remove this warning. 
2024-01-12 18:57:39,278 [   4336]   WARN - nSystem.impl.ActionManagerImpl - keymap "Xcode" not found [Plugin: com.intellij] 
2024-01-12 18:57:39,502 [   4560]   INFO - ntellij.util.proxy.CommonProxy - <html>You have JVM property "https.proxyHost" set to "127.0.0.1".<br>This may lead to incorrect behaviour. Proxy should be set in Settings | HTTP Proxy<br>This JVM property is old and its usage is not recommended by Oracle.<br>(Note: It could have been assigned by some code dynamically.)</html> 
2024-01-12 18:57:39,552 [   4610]   INFO - ntellij.util.proxy.CommonProxy - <html>You have JVM property "https.proxyHost" set to "127.0.0.1".<br>This may lead to incorrect behaviour. Proxy should be set in Settings | HTTP Proxy<br>This JVM property is old and its usage is not recommended by Oracle.<br>(Note: It could have been assigned by some code dynamically.)</html> 
2024-01-12 18:57:40,460 [   5518]   INFO - CompilerWorkspaceConfiguration - Available processors: 8 
2024-01-12 18:57:41,227 [   6285]   WARN - Container.ComponentManagerImpl - Do not use constructor injection (requestorClass=com.android.tools.idea.sdk.AndroidSdks) 
2024-01-12 18:57:42,547 [   7605]   INFO -                         STDERR - Warning: the fonts "Times" and "Times" are not available for the Java logical font "Serif", which may have unexpected appearance or behavior. Re-enable the "Times" font to remove this warning. 
2024-01-12 18:57:42,551 [   7609]   INFO -                         STDERR - Warning: the fonts "Times" and "Times" are not available for the Java logical font "Serif", which may have unexpected appearance or behavior. Re-enable the "Times" font to remove this warning. 
2024-01-12 18:57:42,909 [   7967]   INFO - com.intellij.ide.ui.UISettings - Loaded: fontSize=13, fontScale=1.0; restored: fontSize=13, fontScale=1.0 
2024-01-12 18:57:48,406 [  13464]   INFO - ateSettings.impl.UpdateChecker - failed to load plugin descriptions from : Malformed URL:  
2024-01-12 18:57:48,468 [  13526]   INFO - gins.PluginManagerConfigurable -  
java.net.MalformedURLException: Malformed URL: 
	at com.intellij.util.Urls.newFromEncoded(Urls.kt:63)
	at com.intellij.ide.plugins.RepositoryHelper.loadPlugins(RepositoryHelper.java:101)
	at com.intellij.ide.plugins.RepositoryHelper.loadPlugins(RepositoryHelper.java:86)
	at com.intellij.ide.plugins.PluginManagerConfigurable.loadRepositoryPlugins(PluginManagerConfigurable.java:1549)
	at com.intellij.ide.plugins.PluginManagerConfigurable.access$2000(PluginManagerConfigurable.java:73)
	at com.intellij.ide.plugins.PluginManagerConfigurable$7.lambda$createPluginsPanel$3(PluginManagerConfigurable.java:382)
	at com.intellij.util.RunnableCallable.call(RunnableCallable.java:20)
	at com.intellij.util.RunnableCallable.call(RunnableCallable.java:11)
	at com.intellij.openapi.application.impl.ApplicationImpl$1.call(ApplicationImpl.java:255)
	at java.base/java.util.concurrent.FutureTask.run(FutureTask.java:264)
	at java.base/java.util.concurrent.ThreadPoolExecutor.runWorker(ThreadPoolExecutor.java:1128)
	at java.base/java.util.concurrent.ThreadPoolExecutor$Worker.run(ThreadPoolExecutor.java:628)
	at java.base/java.lang.Thread.run(Thread.java:834)
2024-01-12 18:57:50,295 [  15353]   WARN - .intellij.util.EnvironmentUtil - can't get shell environment 
java.util.concurrent.CompletionException: java.lang.RuntimeException: command [/bin/zsh, -l, -i, -c, '/usr/local/software/gradle-6.1/caches/modules-2/files-2.1/com.jetbrains.intellij.idea/ideaIC/2020.1.1/640aff4c23a001e5595ee654670d774e9efcd118/ideaIC-2020.1.1/bin/printenv.py' '/private/var/folders/7l/x2r1_5sj68b1zby74s8277wc0000gn/T/intellij-shell-env.tmp']
	exit code:127 text:0 out:env: python: No such file or directory
	at java.base/java.util.concurrent.CompletableFuture.encodeThrowable(CompletableFuture.java:314)
	at java.base/java.util.concurrent.CompletableFuture.completeThrowable(CompletableFuture.java:319)
	at java.base/java.util.concurrent.CompletableFuture$AsyncSupply.run(CompletableFuture.java:1702)
	at java.base/java.util.concurrent.ThreadPoolExecutor.runWorker(ThreadPoolExecutor.java:1128)
	at java.base/java.util.concurrent.ThreadPoolExecutor$Worker.run(ThreadPoolExecutor.java:628)
	at java.base/java.lang.Thread.run(Thread.java:834)
Caused by: java.lang.RuntimeException: command [/bin/zsh, -l, -i, -c, '/usr/local/software/gradle-6.1/caches/modules-2/files-2.1/com.jetbrains.intellij.idea/ideaIC/2020.1.1/640aff4c23a001e5595ee654670d774e9efcd118/ideaIC-2020.1.1/bin/printenv.py' '/private/var/folders/7l/x2r1_5sj68b1zby74s8277wc0000gn/T/intellij-shell-env.tmp']
	exit code:127 text:0 out:env: python: No such file or directory
	at com.intellij.util.EnvironmentUtil$ShellEnvReader.runProcessAndReadOutputAndEnvs(EnvironmentUtil.java:293)
	at com.intellij.util.EnvironmentUtil$ShellEnvReader.readShellEnv(EnvironmentUtil.java:232)
	at com.intellij.util.EnvironmentUtil$ShellEnvReader.readShellEnv(EnvironmentUtil.java:210)
	at com.intellij.util.EnvironmentUtil.getShellEnv(EnvironmentUtil.java:186)
	at com.intellij.util.EnvironmentUtil.lambda$loadEnv$0(EnvironmentUtil.java:76)
	at java.base/java.util.concurrent.CompletableFuture$AsyncSupply.run(CompletableFuture.java:1700)
	... 3 more
2024-01-12 18:57:50,477 [  15535]   INFO - leScriptDefinitionsContributor - [kts] error loading gradle script templates: Project 'Default (Template) Project' isn't linked with Gradle 
2024-01-12 18:57:50,491 [  15549]   INFO - leScriptDefinitionsContributor - [kts] error loading gradle script templates: Project 'Default (Template) Project' isn't linked with Gradle 
2024-01-12 18:57:50,491 [  15549]   INFO - leScriptDefinitionsContributor - [kts] error loading gradle script templates: Project 'Default (Template) Project' isn't linked with Gradle 
2024-01-12 18:57:52,057 [  17115]   INFO -   #com.intellij.util.Restarter - not supported: not a bundle: /usr/local/software/gradle-6.1/caches/modules-2/files-2.1/com.jetbrains.intellij.idea/ideaIC/2020.1.1/640aff4c23a001e5595ee654670d774e9efcd118/ideaIC-2020.1.1 
2024-01-12 18:57:53,469 [  18527]   INFO -                         STDOUT - Searchable options index builder completed 
2024-01-12 18:57:53,579 [  18637]   INFO - org.jetbrains.io.BuiltInServer - web server stopped 
2024-01-12 18:57:53,589 [  18647]   INFO - Types.impl.FileTypeManagerImpl - 0 auto-detected files. Detection took 0 ms 
2024-01-12 18:57:53,589 [  18647]   INFO - il.indexing.FileBasedIndexImpl - START INDEX SHUTDOWN 
2024-01-12 18:57:53,625 [  18683]   INFO - tellij.psi.stubs.StubIndexImpl - StubIndexExtension-s were unloaded 
2024-01-12 18:57:53,628 [  18686]   INFO - il.indexing.FileBasedIndexImpl - END INDEX SHUTDOWN 
2024-01-12 18:57:53,629 [  18687]   INFO - newvfs.persistent.PersistentFS - VFS dispose started 
2024-01-12 18:57:53,633 [  18691]   INFO - newvfs.persistent.PersistentFS - VFS dispose completed 
2024-01-12 18:57:53,633 [  18691]   INFO - stubs.SerializationManagerImpl - START StubSerializationManager SHUTDOWN 
2024-01-12 18:57:53,633 [  18691]   INFO - stubs.SerializationManagerImpl - END StubSerializationManager SHUTDOWN 
2024-01-12 18:57:53,938 [  18996]   INFO - plication.impl.ApplicationImpl - Write action Statistics:
Event number:     0
Total time spent: 0ms
Average duration: 0ms
Median  duration: 0ms
Max     duration: 0ms (it was 'null') 
2024-01-12 18:57:53,940 [  18998]   INFO - plication.impl.ApplicationImpl - AnAction.update() Statistics:
Event number:     0
Total time spent: 0ms
Average duration: 0ms
Median  duration: 0ms
Max     duration: 0ms (it was 'null') 
2024-01-12 18:57:53,940 [  18998]   INFO - plication.impl.ApplicationImpl - Global instance threads created counter = 14; ProcessIOExecutorService threads: 0 
2024-01-12 18:57:53,940 [  18998]   INFO -        #com.intellij.idea.Main - ------------------------------------------------------ IDE SHUTDOWN ------------------------------------------------------ 
2024-01-12 18:57:53,941 [  18999]   INFO - org.jetbrains.io.BuiltInServer - web server stopped 
